GROUP,PACKAGE,CLASS,INSTRUCTION_MISSED,INSTRUCTION_COVERED,BRANCH_MISSED,BRANCH_COVERED,LINE_MISSED,LINE_COVERED,COMPLEXITY_MISSED,COMPLEXITY_COVERED,METHOD_MISSED,METHOD_COVERED
PokemonApp,es.iespuertolacruz.pokemon.excepciones,PersistenciaException,9,0,0,0,4,0,2,0,2,0
PokemonApp,es.iespuertolacruz.pokemon.excepciones,PokemonException,4,0,0,0,2,0,1,0,1,0
PokemonApp,es.iespuertolacruz.pokemon.api,Villano,5,90,4,6,2,26,4,10,0,9
PokemonApp,es.iespuertolacruz.pokemon.api,Entrenador,5,90,4,6,2,26,4,10,0,9
PokemonApp,es.iespuertolacruz.pokemon.api,EstadisticasBase,5,210,9,11,2,56,9,20,0,19
PokemonApp,es.iespuertolacruz.pokemon.api,ObjetoComun,5,90,4,6,2,26,4,10,0,9
PokemonApp,es.iespuertolacruz.pokemon.api,Caracteristicas,5,188,8,10,2,50,8,18,0,17
PokemonApp,es.iespuertolacruz.pokemon.api,Estado,5,138,6,8,2,38,6,14,0,13
PokemonApp,es.iespuertolacruz.pokemon.api,Maquina,5,90,4,6,2,26,4,10,0,9
PokemonApp,es.iespuertolacruz.pokemon.api,Tipo,5,90,4,6,2,26,4,10,0,9
PokemonApp,es.iespuertolacruz.pokemon.api,Movimiento,5,210,9,11,2,56,9,20,0,19
PokemonApp,es.iespuertolacruz.pokemon.api,Provoca,5,90,4,6,2,26,4,10,0,9
PokemonApp,es.iespuertolacruz.pokemon.api,Evoluciona,5,114,5,7,2,32,5,12,0,11
PokemonApp,es.iespuertolacruz.pokemon.api,AltoMando,5,90,4,6,2,26,4,10,0,9
PokemonApp,es.iespuertolacruz.pokemon.api,Pertenece,5,90,4,6,2,26,4,10,0,9
PokemonApp,es.iespuertolacruz.pokemon.api,PokemonEquipa,5,90,4,6,2,26,4,10,0,9
PokemonApp,es.iespuertolacruz.pokemon.api,Pokemon,5,138,6,8,2,36,6,14,0,13
PokemonApp,es.iespuertolacruz.pokemon.api,CampeonLiga,5,90,4,6,2,26,4,10,0,9
PokemonApp,es.iespuertolacruz.pokemon.api,Pokeball,5,91,4,6,2,26,4,10,0,9
PokemonApp,es.iespuertolacruz.pokemon.api,Objeto,5,114,5,7,2,32,5,12,0,11
PokemonApp,es.iespuertolacruz.pokemon.api,EntrenadorEquipa,5,114,5,7,2,32,5,12,0,11
PokemonApp,es.iespuertolacruz.pokemon.api,EntrenadorCasual,5,90,4,6,2,26,4,10,0,9
PokemonApp,es.iespuertolacruz.pokemon.api,Tiene,5,114,5,7,2,32,5,12,0,11
PokemonApp,es.iespuertolacruz.pokemon.api,Conoce,5,90,4,6,2,26,4,10,0,9
PokemonApp,es.iespuertolacruz.pokemon.api,LiderGimnasio,5,90,4,6,2,26,4,10,0,9
PokemonApp,es.iespuertolacruz.pokemon.modelo,CaracteristicasModelo,36,0,0,0,13,0,5,0,5,0
PokemonApp,es.iespuertolacruz.pokemon.modelo,PerteneceModelo,36,0,0,0,13,0,5,0,5,0
PokemonApp,es.iespuertolacruz.pokemon.modelo,MaquinaModelo,36,0,0,0,13,0,5,0,5,0
PokemonApp,es.iespuertolacruz.pokemon.modelo,ConoceModelo,36,0,0,0,13,0,5,0,5,0
PokemonApp,es.iespuertolacruz.pokemon.modelo,PokemonModelo,36,0,0,0,13,0,5,0,5,0
PokemonApp,es.iespuertolacruz.pokemon.modelo,AltoMandoModelo,31,0,0,0,13,0,5,0,5,0
PokemonApp,es.iespuertolacruz.pokemon.modelo,TieneModelo,36,0,0,0,13,0,5,0,5,0
PokemonApp,es.iespuertolacruz.pokemon.modelo,EstadoModelo,36,0,0,0,13,0,5,0,5,0
PokemonApp,es.iespuertolacruz.pokemon.modelo,CampeonLigaModelo,36,0,0,0,13,0,5,0,5,0
PokemonApp,es.iespuertolacruz.pokemon.modelo,ObjetoComunModelo,36,0,0,0,13,0,5,0,5,0
PokemonApp,es.iespuertolacruz.pokemon.modelo,EvolucionaModelo,36,0,0,0,13,0,5,0,5,0
PokemonApp,es.iespuertolacruz.pokemon.modelo,TipoModelo,36,0,0,0,13,0,5,0,5,0
PokemonApp,es.iespuertolacruz.pokemon.modelo,Bbdd,3050,0,106,0,988,0,196,0,143,0
PokemonApp,es.iespuertolacruz.pokemon.modelo,PokemonEquipaModelo,36,0,0,0,13,0,5,0,5,0
PokemonApp,es.iespuertolacruz.pokemon.modelo,EntrenadorModelo,36,0,0,0,13,0,5,0,5,0
PokemonApp,es.iespuertolacruz.pokemon.modelo,LiderGimnasioModelo,36,0,0,0,13,0,5,0,5,0
PokemonApp,es.iespuertolacruz.pokemon.modelo,EstadisticasBaseModelo,36,0,0,0,13,0,5,0,5,0
PokemonApp,es.iespuertolacruz.pokemon.modelo,EntrenadrCasualModelo,36,0,0,0,13,0,5,0,5,0
PokemonApp,es.iespuertolacruz.pokemon.modelo,ProvocaModelo,36,0,0,0,13,0,5,0,5,0
PokemonApp,es.iespuertolacruz.pokemon.modelo,PokeballModelo,36,0,0,0,13,0,5,0,5,0
PokemonApp,es.iespuertolacruz.pokemon.modelo,EntrenadorEquipaModelo,36,0,0,0,13,0,5,0,5,0
PokemonApp,es.iespuertolacruz.pokemon.modelo,PokemonFichero,254,0,20,0,80,0,20,0,10,0
PokemonApp,es.iespuertolacruz.pokemon.modelo,MovimientoModelo,36,0,0,0,13,0,5,0,5,0
PokemonApp,es.iespuertolacruz.pokemon.modelo,ObjetoModelo,36,0,0,0,13,0,5,0,5,0
PokemonApp,es.iespuertolacruz.pokemon.modelo,MySqlBdDd,7,0,0,0,2,0,1,0,1,0
PokemonApp,es.iespuertolacruz.pokemon.modelo,VillanoModelo,36,0,0,0,13,0,5,0,5,0
PokemonApp,es.iespuertolacruz.pokemon.controller,PokemonController,136,0,22,0,44,0,19,0,8,0
PokemonApp,es.iespuertolacruz.pokemon.controller,AltoMandoController,114,0,18,0,39,0,18,0,9,0
PokemonApp,es.iespuertolacruz.pokemon.vista,App,742,0,83,0,314,0,74,0,13,0
